<?xml version="1.0" encoding="UTF-8"?>
<testsuite name="com.github.lumunix.electriceye.client.ElectricEyeFunctionalTest" tests="3" skipped="0" failures="1" errors="0" timestamp="2020-11-28T05:14:04" hostname="RAZER-DESKTOP" time="8.836">
  <properties/>
  <testcase name="testElectricEyeTask()" classname="com.github.lumunix.electriceye.client.ElectricEyeFunctionalTest" time="4.603"/>
  <testcase name="testElectricEyeTaskDoesntFailWhenFailureToUpload()" classname="com.github.lumunix.electriceye.client.ElectricEyeFunctionalTest" time="4.209"/>
  <testcase name="executionError" classname="com.github.lumunix.electriceye.client.ElectricEyeFunctionalTest" time="0.0">
    <failure message="java.io.IOException: Failed to delete temp directory C:\Users\dylan\AppData\Local\Temp\junit5032383533641492463. The following paths could not be deleted (see suppressed exceptions for details): , build, build\ElectricEye.yml, build\test-results, build\test-results\file1.xml, build\test-results\file2.xml, build\test-results\file3.xml" type="java.io.IOException">java.io.IOException: Failed to delete temp directory C:\Users\dylan\AppData\Local\Temp\junit5032383533641492463. The following paths could not be deleted (see suppressed exceptions for details): , build, build\ElectricEye.yml, build\test-results, build\test-results\file1.xml, build\test-results\file2.xml, build\test-results\file3.xml
	at org.junit.jupiter.engine.extension.TempDirectory$CloseablePath.createIOExceptionWithAttachedFailures(TempDirectory.java:262)
	at org.junit.jupiter.engine.extension.TempDirectory$CloseablePath.close(TempDirectory.java:182)
	at org.junit.platform.engine.support.hierarchical.ThrowableCollector.execute(ThrowableCollector.java:73)
	at org.junit.jupiter.engine.execution.ExtensionValuesStore.lambda$closeAllStoredCloseableValues$3(ExtensionValuesStore.java:68)
	at java.base/java.util.stream.ForEachOps$ForEachOp$OfRef.accept(ForEachOps.java:183)
	at java.base/java.util.stream.ReferencePipeline$3$1.accept(ReferencePipeline.java:195)
	at java.base/java.util.ArrayList.forEach(ArrayList.java:1511)
	at java.base/java.util.stream.SortedOps$RefSortingSink.end(SortedOps.java:395)
	at java.base/java.util.stream.Sink$ChainedReference.end(Sink.java:258)
	at java.base/java.util.stream.AbstractPipeline.copyInto(AbstractPipeline.java:485)
	at java.base/java.util.stream.AbstractPipeline.wrapAndCopyInto(AbstractPipeline.java:474)
	at java.base/java.util.stream.ForEachOps$ForEachOp.evaluateSequential(ForEachOps.java:150)
	at java.base/java.util.stream.ForEachOps$ForEachOp$OfRef.evaluateSequential(ForEachOps.java:173)
	at java.base/java.util.stream.AbstractPipeline.evaluate(AbstractPipeline.java:234)
	at java.base/java.util.stream.ReferencePipeline.forEach(ReferencePipeline.java:497)
	at org.junit.jupiter.engine.execution.ExtensionValuesStore.closeAllStoredCloseableValues(ExtensionValuesStore.java:68)
	at org.junit.jupiter.engine.descriptor.AbstractExtensionContext.close(AbstractExtensionContext.java:74)
	at org.junit.jupiter.engine.execution.JupiterEngineExecutionContext.close(JupiterEngineExecutionContext.java:53)
	at org.junit.jupiter.engine.descriptor.JupiterTestDescriptor.cleanUp(JupiterTestDescriptor.java:222)
	at org.junit.jupiter.engine.descriptor.JupiterTestDescriptor.cleanUp(JupiterTestDescriptor.java:57)
	at org.junit.platform.engine.support.hierarchical.NodeTestTask.lambda$cleanUp$9(NodeTestTask.java:155)
	at org.junit.platform.engine.support.hierarchical.ThrowableCollector.execute(ThrowableCollector.java:73)
	at org.junit.platform.engine.support.hierarchical.NodeTestTask.cleanUp(NodeTestTask.java:155)
	at org.junit.platform.engine.support.hierarchical.NodeTestTask.execute(NodeTestTask.java:87)
	at java.base/java.util.ArrayList.forEach(ArrayList.java:1511)
	at org.junit.platform.engine.support.hierarchical.SameThreadHierarchicalTestExecutorService.invokeAll(SameThreadHierarchicalTestExecutorService.java:38)
	at org.junit.platform.engine.support.hierarchical.NodeTestTask.lambda$executeRecursively$5(NodeTestTask.java:143)
	at org.junit.platform.engine.support.hierarchical.ThrowableCollector.execute(ThrowableCollector.java:73)
	at org.junit.platform.engine.support.hierarchical.NodeTestTask.lambda$executeRecursively$7(NodeTestTask.java:129)
	at org.junit.platform.engine.support.hierarchical.Node.around(Node.java:137)
	at org.junit.platform.engine.support.hierarchical.NodeTestTask.lambda$executeRecursively$8(NodeTestTask.java:127)
	at org.junit.platform.engine.support.hierarchical.ThrowableCollector.execute(ThrowableCollector.java:73)
	at org.junit.platform.engine.support.hierarchical.NodeTestTask.executeRecursively(NodeTestTask.java:126)
	at org.junit.platform.engine.support.hierarchical.NodeTestTask.execute(NodeTestTask.java:84)
	at org.junit.platform.engine.support.hierarchical.SameThreadHierarchicalTestExecutorService.submit(SameThreadHierarchicalTestExecutorService.java:32)
	at org.junit.platform.engine.support.hierarchical.HierarchicalTestExecutor.execute(HierarchicalTestExecutor.java:57)
	at org.junit.platform.engine.support.hierarchical.HierarchicalTestEngine.execute(HierarchicalTestEngine.java:51)
	at org.junit.platform.launcher.core.DefaultLauncher.execute(DefaultLauncher.java:248)
	at org.junit.platform.launcher.core.DefaultLauncher.lambda$execute$5(DefaultLauncher.java:211)
	at org.junit.platform.launcher.core.DefaultLauncher.withInterceptedStreams(DefaultLauncher.java:226)
	at org.junit.platform.launcher.core.DefaultLauncher.execute(DefaultLauncher.java:199)
	at org.junit.platform.launcher.core.DefaultLauncher.execute(DefaultLauncher.java:132)
	at org.gradle.api.internal.tasks.testing.junitplatform.JUnitPlatformTestClassProcessor$CollectAllTestClassesExecutor.processAllTestClasses(JUnitPlatformTestClassProcessor.java:99)
	at org.gradle.api.internal.tasks.testing.junitplatform.JUnitPlatformTestClassProcessor$CollectAllTestClassesExecutor.access$000(JUnitPlatformTestClassProcessor.java:79)
	at org.gradle.api.internal.tasks.testing.junitplatform.JUnitPlatformTestClassProcessor.stop(JUnitPlatformTestClassProcessor.java:75)
	at org.gradle.api.internal.tasks.testing.SuiteTestClassProcessor.stop(SuiteTestClassProcessor.java:61)
	at java.base/jdk.internal.reflect.NativeMethodAccessorImpl.invoke0(Native Method)
	at java.base/jdk.internal.reflect.NativeMethodAccessorImpl.invoke(NativeMethodAccessorImpl.java:64)
	at java.base/jdk.internal.reflect.DelegatingMethodAccessorImpl.invoke(DelegatingMethodAccessorImpl.java:43)
	at java.base/java.lang.reflect.Method.invoke(Method.java:564)
	at org.gradle.internal.dispatch.ReflectionDispatch.dispatch(ReflectionDispatch.java:36)
	at org.gradle.internal.dispatch.ReflectionDispatch.dispatch(ReflectionDispatch.java:24)
	at org.gradle.internal.dispatch.ContextClassLoaderDispatch.dispatch(ContextClassLoaderDispatch.java:33)
	at org.gradle.internal.dispatch.ProxyDispatchAdapter$DispatchingInvocationHandler.invoke(ProxyDispatchAdapter.java:94)
	at com.sun.proxy.$Proxy2.stop(Unknown Source)
	at org.gradle.api.internal.tasks.testing.worker.TestWorker.stop(TestWorker.java:133)
	at java.base/jdk.internal.reflect.NativeMethodAccessorImpl.invoke0(Native Method)
	at java.base/jdk.internal.reflect.NativeMethodAccessorImpl.invoke(NativeMethodAccessorImpl.java:64)
	at java.base/jdk.internal.reflect.DelegatingMethodAccessorImpl.invoke(DelegatingMethodAccessorImpl.java:43)
	at java.base/java.lang.reflect.Method.invoke(Method.java:564)
	at org.gradle.internal.dispatch.ReflectionDispatch.dispatch(ReflectionDispatch.java:36)
	at org.gradle.internal.dispatch.ReflectionDispatch.dispatch(ReflectionDispatch.java:24)
	at org.gradle.internal.remote.internal.hub.MessageHubBackedObjectConnection$DispatchWrapper.dispatch(MessageHubBackedObjectConnection.java:182)
	at org.gradle.internal.remote.internal.hub.MessageHubBackedObjectConnection$DispatchWrapper.dispatch(MessageHubBackedObjectConnection.java:164)
	at org.gradle.internal.remote.internal.hub.MessageHub$Handler.run(MessageHub.java:414)
	at org.gradle.internal.concurrent.ExecutorPolicy$CatchAndRecordFailures.onExecute(ExecutorPolicy.java:64)
	at org.gradle.internal.concurrent.ManagedExecutorImpl$1.run(ManagedExecutorImpl.java:48)
	at java.base/java.util.concurrent.ThreadPoolExecutor.runWorker(ThreadPoolExecutor.java:1130)
	at java.base/java.util.concurrent.ThreadPoolExecutor$Worker.run(ThreadPoolExecutor.java:630)
	at org.gradle.internal.concurrent.ThreadFactoryImpl$ManagedThreadRunnable.run(ThreadFactoryImpl.java:56)
	at java.base/java.lang.Thread.run(Thread.java:832)
	Suppressed: java.nio.file.DirectoryNotEmptyException: C:\Users\dylan\AppData\Local\Temp\junit5032383533641492463
		at java.base/sun.nio.fs.WindowsFileSystemProvider.implDelete(WindowsFileSystemProvider.java:271)
		at java.base/sun.nio.fs.AbstractFileSystemProvider.delete(AbstractFileSystemProvider.java:105)
		at java.base/java.nio.file.Files.delete(Files.java:1146)
		at org.junit.jupiter.engine.extension.TempDirectory$CloseablePath$1.deleteAndContinue(TempDirectory.java:206)
		at org.junit.jupiter.engine.extension.TempDirectory$CloseablePath$1.postVisitDirectory(TempDirectory.java:201)
		at org.junit.jupiter.engine.extension.TempDirectory$CloseablePath$1.postVisitDirectory(TempDirectory.java:192)
		at java.base/java.nio.file.Files.walkFileTree(Files.java:2822)
		at java.base/java.nio.file.Files.walkFileTree(Files.java:2876)
		at org.junit.jupiter.engine.extension.TempDirectory$CloseablePath.deleteAllFilesAndDirectories(TempDirectory.java:192)
		at org.junit.jupiter.engine.extension.TempDirectory$CloseablePath.close(TempDirectory.java:180)
		... 69 more
	Suppressed: java.nio.file.DirectoryNotEmptyException: C:\Users\dylan\AppData\Local\Temp\junit5032383533641492463\build
		at java.base/sun.nio.fs.WindowsFileSystemProvider.implDelete(WindowsFileSystemProvider.java:271)
		at java.base/sun.nio.fs.AbstractFileSystemProvider.delete(AbstractFileSystemProvider.java:105)
		at java.base/java.nio.file.Files.delete(Files.java:1146)
		at org.junit.jupiter.engine.extension.TempDirectory$CloseablePath$1.deleteAndContinue(TempDirectory.java:206)
		at org.junit.jupiter.engine.extension.TempDirectory$CloseablePath$1.postVisitDirectory(TempDirectory.java:201)
		at org.junit.jupiter.engine.extension.TempDirectory$CloseablePath$1.postVisitDirectory(TempDirectory.java:192)
		at java.base/java.nio.file.Files.walkFileTree(Files.java:2822)
		at java.base/java.nio.file.Files.walkFileTree(Files.java:2876)
		at org.junit.jupiter.engine.extension.TempDirectory$CloseablePath.deleteAllFilesAndDirectories(TempDirectory.java:192)
		at org.junit.jupiter.engine.extension.TempDirectory$CloseablePath.close(TempDirectory.java:180)
		... 69 more
	Suppressed: java.nio.file.FileSystemException: C:\Users\dylan\AppData\Local\Temp\junit5032383533641492463\build\ElectricEye.yml: The process cannot access the file because it is being used by another process
		at java.base/sun.nio.fs.WindowsException.translateToIOException(WindowsException.java:92)
		at java.base/sun.nio.fs.WindowsException.rethrowAsIOException(WindowsException.java:103)
		at java.base/sun.nio.fs.WindowsException.rethrowAsIOException(WindowsException.java:108)
		at java.base/sun.nio.fs.WindowsFileSystemProvider.implDelete(WindowsFileSystemProvider.java:274)
		at java.base/sun.nio.fs.AbstractFileSystemProvider.delete(AbstractFileSystemProvider.java:105)
		at java.base/java.nio.file.Files.delete(Files.java:1146)
		at org.junit.jupiter.engine.extension.TempDirectory$CloseablePath$1.deleteAndContinue(TempDirectory.java:206)
		at org.junit.jupiter.engine.extension.TempDirectory$CloseablePath$1.visitFile(TempDirectory.java:196)
		at org.junit.jupiter.engine.extension.TempDirectory$CloseablePath$1.visitFile(TempDirectory.java:192)
		at java.base/java.nio.file.Files.walkFileTree(Files.java:2804)
		at java.base/java.nio.file.Files.walkFileTree(Files.java:2876)
		at org.junit.jupiter.engine.extension.TempDirectory$CloseablePath.deleteAllFilesAndDirectories(TempDirectory.java:192)
		at org.junit.jupiter.engine.extension.TempDirectory$CloseablePath.close(TempDirectory.java:180)
		... 69 more
		Suppressed: java.nio.file.FileSystemException: C:\Users\dylan\AppData\Local\Temp\junit5032383533641492463\build\ElectricEye.yml: The process cannot access the file because it is being used by another process
			at java.base/sun.nio.fs.WindowsException.translateToIOException(WindowsException.java:92)
			at java.base/sun.nio.fs.WindowsException.rethrowAsIOException(WindowsException.java:103)
			at java.base/sun.nio.fs.WindowsException.rethrowAsIOException(WindowsException.java:108)
			at java.base/sun.nio.fs.WindowsFileSystemProvider.implDelete(WindowsFileSystemProvider.java:274)
			at java.base/sun.nio.fs.AbstractFileSystemProvider.delete(AbstractFileSystemProvider.java:105)
			at java.base/java.nio.file.Files.delete(Files.java:1146)
			at org.junit.jupiter.engine.extension.TempDirectory$CloseablePath$1.makeWritableAndTryToDeleteAgain(TempDirectory.java:224)
			at org.junit.jupiter.engine.extension.TempDirectory$CloseablePath$1.deleteAndContinue(TempDirectory.java:215)
			... 75 more
	Suppressed: java.nio.file.DirectoryNotEmptyException: C:\Users\dylan\AppData\Local\Temp\junit5032383533641492463\build\test-results
		at java.base/sun.nio.fs.WindowsFileSystemProvider.implDelete(WindowsFileSystemProvider.java:271)
		at java.base/sun.nio.fs.AbstractFileSystemProvider.delete(AbstractFileSystemProvider.java:105)
		at java.base/java.nio.file.Files.delete(Files.java:1146)
		at org.junit.jupiter.engine.extension.TempDirectory$CloseablePath$1.deleteAndContinue(TempDirectory.java:206)
		at org.junit.jupiter.engine.extension.TempDirectory$CloseablePath$1.postVisitDirectory(TempDirectory.java:201)
		at org.junit.jupiter.engine.extension.TempDirectory$CloseablePath$1.postVisitDirectory(TempDirectory.java:192)
		at java.base/java.nio.file.Files.walkFileTree(Files.java:2822)
		at java.base/java.nio.file.Files.walkFileTree(Files.java:2876)
		at org.junit.jupiter.engine.extension.TempDirectory$CloseablePath.deleteAllFilesAndDirectories(TempDirectory.java:192)
		at org.junit.jupiter.engine.extension.TempDirectory$CloseablePath.close(TempDirectory.java:180)
		... 69 more
	Suppressed: java.nio.file.FileSystemException: C:\Users\dylan\AppData\Local\Temp\junit5032383533641492463\build\test-results\file1.xml: The process cannot access the file because it is being used by another process
		at java.base/sun.nio.fs.WindowsException.translateToIOException(WindowsException.java:92)
		at java.base/sun.nio.fs.WindowsException.rethrowAsIOException(WindowsException.java:103)
		at java.base/sun.nio.fs.WindowsException.rethrowAsIOException(WindowsException.java:108)
		at java.base/sun.nio.fs.WindowsFileSystemProvider.implDelete(WindowsFileSystemProvider.java:274)
		at java.base/sun.nio.fs.AbstractFileSystemProvider.delete(AbstractFileSystemProvider.java:105)
		at java.base/java.nio.file.Files.delete(Files.java:1146)
		at org.junit.jupiter.engine.extension.TempDirectory$CloseablePath$1.deleteAndContinue(TempDirectory.java:206)
		at org.junit.jupiter.engine.extension.TempDirectory$CloseablePath$1.visitFile(TempDirectory.java:196)
		at org.junit.jupiter.engine.extension.TempDirectory$CloseablePath$1.visitFile(TempDirectory.java:192)
		at java.base/java.nio.file.Files.walkFileTree(Files.java:2804)
		at java.base/java.nio.file.Files.walkFileTree(Files.java:2876)
		at org.junit.jupiter.engine.extension.TempDirectory$CloseablePath.deleteAllFilesAndDirectories(TempDirectory.java:192)
		at org.junit.jupiter.engine.extension.TempDirectory$CloseablePath.close(TempDirectory.java:180)
		... 69 more
		Suppressed: java.nio.file.FileSystemException: C:\Users\dylan\AppData\Local\Temp\junit5032383533641492463\build\test-results\file1.xml: The process cannot access the file because it is being used by another process
			at java.base/sun.nio.fs.WindowsException.translateToIOException(WindowsException.java:92)
			at java.base/sun.nio.fs.WindowsException.rethrowAsIOException(WindowsException.java:103)
			at java.base/sun.nio.fs.WindowsException.rethrowAsIOException(WindowsException.java:108)
			at java.base/sun.nio.fs.WindowsFileSystemProvider.implDelete(WindowsFileSystemProvider.java:274)
			at java.base/sun.nio.fs.AbstractFileSystemProvider.delete(AbstractFileSystemProvider.java:105)
			at java.base/java.nio.file.Files.delete(Files.java:1146)
			at org.junit.jupiter.engine.extension.TempDirectory$CloseablePath$1.makeWritableAndTryToDeleteAgain(TempDirectory.java:224)
			at org.junit.jupiter.engine.extension.TempDirectory$CloseablePath$1.deleteAndContinue(TempDirectory.java:215)
			... 75 more
	Suppressed: java.nio.file.FileSystemException: C:\Users\dylan\AppData\Local\Temp\junit5032383533641492463\build\test-results\file2.xml: The process cannot access the file because it is being used by another process
		at java.base/sun.nio.fs.WindowsException.translateToIOException(WindowsException.java:92)
		at java.base/sun.nio.fs.WindowsException.rethrowAsIOException(WindowsException.java:103)
		at java.base/sun.nio.fs.WindowsException.rethrowAsIOException(WindowsException.java:108)
		at java.base/sun.nio.fs.WindowsFileSystemProvider.implDelete(WindowsFileSystemProvider.java:274)
		at java.base/sun.nio.fs.AbstractFileSystemProvider.delete(AbstractFileSystemProvider.java:105)
		at java.base/java.nio.file.Files.delete(Files.java:1146)
		at org.junit.jupiter.engine.extension.TempDirectory$CloseablePath$1.deleteAndContinue(TempDirectory.java:206)
		at org.junit.jupiter.engine.extension.TempDirectory$CloseablePath$1.visitFile(TempDirectory.java:196)
		at org.junit.jupiter.engine.extension.TempDirectory$CloseablePath$1.visitFile(TempDirectory.java:192)
		at java.base/java.nio.file.Files.walkFileTree(Files.java:2804)
		at java.base/java.nio.file.Files.walkFileTree(Files.java:2876)
		at org.junit.jupiter.engine.extension.TempDirectory$CloseablePath.deleteAllFilesAndDirectories(TempDirectory.java:192)
		at org.junit.jupiter.engine.extension.TempDirectory$CloseablePath.close(TempDirectory.java:180)
		... 69 more
		Suppressed: java.nio.file.FileSystemException: C:\Users\dylan\AppData\Local\Temp\junit5032383533641492463\build\test-results\file2.xml: The process cannot access the file because it is being used by another process
			at java.base/sun.nio.fs.WindowsException.translateToIOException(WindowsException.java:92)
			at java.base/sun.nio.fs.WindowsException.rethrowAsIOException(WindowsException.java:103)
			at java.base/sun.nio.fs.WindowsException.rethrowAsIOException(WindowsException.java:108)
			at java.base/sun.nio.fs.WindowsFileSystemProvider.implDelete(WindowsFileSystemProvider.java:274)
			at java.base/sun.nio.fs.AbstractFileSystemProvider.delete(AbstractFileSystemProvider.java:105)
			at java.base/java.nio.file.Files.delete(Files.java:1146)
			at org.junit.jupiter.engine.extension.TempDirectory$CloseablePath$1.makeWritableAndTryToDeleteAgain(TempDirectory.java:224)
			at org.junit.jupiter.engine.extension.TempDirectory$CloseablePath$1.deleteAndContinue(TempDirectory.java:215)
			... 75 more
	Suppressed: java.nio.file.FileSystemException: C:\Users\dylan\AppData\Local\Temp\junit5032383533641492463\build\test-results\file3.xml: The process cannot access the file because it is being used by another process
		at java.base/sun.nio.fs.WindowsException.translateToIOException(WindowsException.java:92)
		at java.base/sun.nio.fs.WindowsException.rethrowAsIOException(WindowsException.java:103)
		at java.base/sun.nio.fs.WindowsException.rethrowAsIOException(WindowsException.java:108)
		at java.base/sun.nio.fs.WindowsFileSystemProvider.implDelete(WindowsFileSystemProvider.java:274)
		at java.base/sun.nio.fs.AbstractFileSystemProvider.delete(AbstractFileSystemProvider.java:105)
		at java.base/java.nio.file.Files.delete(Files.java:1146)
		at org.junit.jupiter.engine.extension.TempDirectory$CloseablePath$1.deleteAndContinue(TempDirectory.java:206)
		at org.junit.jupiter.engine.extension.TempDirectory$CloseablePath$1.visitFile(TempDirectory.java:196)
		at org.junit.jupiter.engine.extension.TempDirectory$CloseablePath$1.visitFile(TempDirectory.java:192)
		at java.base/java.nio.file.Files.walkFileTree(Files.java:2804)
		at java.base/java.nio.file.Files.walkFileTree(Files.java:2876)
		at org.junit.jupiter.engine.extension.TempDirectory$CloseablePath.deleteAllFilesAndDirectories(TempDirectory.java:192)
		at org.junit.jupiter.engine.extension.TempDirectory$CloseablePath.close(TempDirectory.java:180)
		... 69 more
		Suppressed: java.nio.file.FileSystemException: C:\Users\dylan\AppData\Local\Temp\junit5032383533641492463\build\test-results\file3.xml: The process cannot access the file because it is being used by another process
			at java.base/sun.nio.fs.WindowsException.translateToIOException(WindowsException.java:92)
			at java.base/sun.nio.fs.WindowsException.rethrowAsIOException(WindowsException.java:103)
			at java.base/sun.nio.fs.WindowsException.rethrowAsIOException(WindowsException.java:108)
			at java.base/sun.nio.fs.WindowsFileSystemProvider.implDelete(WindowsFileSystemProvider.java:274)
			at java.base/sun.nio.fs.AbstractFileSystemProvider.delete(AbstractFileSystemProvider.java:105)
			at java.base/java.nio.file.Files.delete(Files.java:1146)
			at org.junit.jupiter.engine.extension.TempDirectory$CloseablePath$1.makeWritableAndTryToDeleteAgain(TempDirectory.java:224)
			at org.junit.jupiter.engine.extension.TempDirectory$CloseablePath$1.deleteAndContinue(TempDirectory.java:215)
			... 75 more
</failure>
  </testcase>
  <system-out><![CDATA[
> Task :electriceye
ElectricEyeConfig:
{
  "electricEyeServerUrl" : "http://localhost:8091"
}
ElectricEye.yml Files Identified:
electriceye:
C:\Users\dylan\AppData\Local\Temp\junit5032383533641492463\build\ElectricEye.yml
JUnitXml Files Identified:
electriceye:
C:\Users\dylan\AppData\Local\Temp\junit5032383533641492463\build\test-results\file1.xml
C:\Users\dylan\AppData\Local\Temp\junit5032383533641492463\build\test-results\file2.xml
C:\Users\dylan\AppData\Local\Temp\junit5032383533641492463\build\test-results\file3.xml


BUILD SUCCESSFUL in 3s
1 actionable task: 1 executed


> Task :electriceye
ElectricEyeConfig:
{
  "electricEyeServerUrl" : "http://localhost:8091"
}
ElectricEye.yml Files Identified:
electriceye:
C:\Users\dylan\AppData\Local\Temp\junit5032383533641492463\build\ElectricEye.yml
JUnitXml Files Identified:
electriceye:
C:\Users\dylan\AppData\Local\Temp\junit5032383533641492463\build\test-results\file1.xml
C:\Users\dylan\AppData\Local\Temp\junit5032383533641492463\build\test-results\file2.xml
C:\Users\dylan\AppData\Local\Temp\junit5032383533641492463\build\test-results\file3.xml
org.apache.http.conn.HttpHostConnectException: Connect to localhost:8091 [localhost/127.0.0.1, localhost/0:0:0:0:0:0:0:1] failed: Connection refused: connect

BUILD SUCCESSFUL in 4s
1 actionable task: 1 executed

]]></system-out>
  <system-err><![CDATA[Nov 28, 2020 12:14:13 AM org.junit.jupiter.engine.execution.JupiterEngineExecutionContext close
SEVERE: Caught exception while closing extension context: org.junit.jupiter.engine.descriptor.ClassExtensionContext@4459834f
java.io.IOException: Failed to delete temp directory C:\Users\dylan\AppData\Local\Temp\junit5032383533641492463. The following paths could not be deleted (see suppressed exceptions for details): , build, build\ElectricEye.yml, build\test-results, build\test-results\file1.xml, build\test-results\file2.xml, build\test-results\file3.xml
	at org.junit.jupiter.engine.extension.TempDirectory$CloseablePath.createIOExceptionWithAttachedFailures(TempDirectory.java:262)
	at org.junit.jupiter.engine.extension.TempDirectory$CloseablePath.close(TempDirectory.java:182)
	at org.junit.platform.engine.support.hierarchical.ThrowableCollector.execute(ThrowableCollector.java:73)
	at org.junit.jupiter.engine.execution.ExtensionValuesStore.lambda$closeAllStoredCloseableValues$3(ExtensionValuesStore.java:68)
	at java.base/java.util.stream.ForEachOps$ForEachOp$OfRef.accept(ForEachOps.java:183)
	at java.base/java.util.stream.ReferencePipeline$3$1.accept(ReferencePipeline.java:195)
	at java.base/java.util.ArrayList.forEach(ArrayList.java:1511)
	at java.base/java.util.stream.SortedOps$RefSortingSink.end(SortedOps.java:395)
	at java.base/java.util.stream.Sink$ChainedReference.end(Sink.java:258)
	at java.base/java.util.stream.AbstractPipeline.copyInto(AbstractPipeline.java:485)
	at java.base/java.util.stream.AbstractPipeline.wrapAndCopyInto(AbstractPipeline.java:474)
	at java.base/java.util.stream.ForEachOps$ForEachOp.evaluateSequential(ForEachOps.java:150)
	at java.base/java.util.stream.ForEachOps$ForEachOp$OfRef.evaluateSequential(ForEachOps.java:173)
	at java.base/java.util.stream.AbstractPipeline.evaluate(AbstractPipeline.java:234)
	at java.base/java.util.stream.ReferencePipeline.forEach(ReferencePipeline.java:497)
	at org.junit.jupiter.engine.execution.ExtensionValuesStore.closeAllStoredCloseableValues(ExtensionValuesStore.java:68)
	at org.junit.jupiter.engine.descriptor.AbstractExtensionContext.close(AbstractExtensionContext.java:74)
	at org.junit.jupiter.engine.execution.JupiterEngineExecutionContext.close(JupiterEngineExecutionContext.java:53)
	at org.junit.jupiter.engine.descriptor.JupiterTestDescriptor.cleanUp(JupiterTestDescriptor.java:222)
	at org.junit.jupiter.engine.descriptor.JupiterTestDescriptor.cleanUp(JupiterTestDescriptor.java:57)
	at org.junit.platform.engine.support.hierarchical.NodeTestTask.lambda$cleanUp$9(NodeTestTask.java:155)
	at org.junit.platform.engine.support.hierarchical.ThrowableCollector.execute(ThrowableCollector.java:73)
	at org.junit.platform.engine.support.hierarchical.NodeTestTask.cleanUp(NodeTestTask.java:155)
	at org.junit.platform.engine.support.hierarchical.NodeTestTask.execute(NodeTestTask.java:87)
	at java.base/java.util.ArrayList.forEach(ArrayList.java:1511)
	at org.junit.platform.engine.support.hierarchical.SameThreadHierarchicalTestExecutorService.invokeAll(SameThreadHierarchicalTestExecutorService.java:38)
	at org.junit.platform.engine.support.hierarchical.NodeTestTask.lambda$executeRecursively$5(NodeTestTask.java:143)
	at org.junit.platform.engine.support.hierarchical.ThrowableCollector.execute(ThrowableCollector.java:73)
	at org.junit.platform.engine.support.hierarchical.NodeTestTask.lambda$executeRecursively$7(NodeTestTask.java:129)
	at org.junit.platform.engine.support.hierarchical.Node.around(Node.java:137)
	at org.junit.platform.engine.support.hierarchical.NodeTestTask.lambda$executeRecursively$8(NodeTestTask.java:127)
	at org.junit.platform.engine.support.hierarchical.ThrowableCollector.execute(ThrowableCollector.java:73)
	at org.junit.platform.engine.support.hierarchical.NodeTestTask.executeRecursively(NodeTestTask.java:126)
	at org.junit.platform.engine.support.hierarchical.NodeTestTask.execute(NodeTestTask.java:84)
	at org.junit.platform.engine.support.hierarchical.SameThreadHierarchicalTestExecutorService.submit(SameThreadHierarchicalTestExecutorService.java:32)
	at org.junit.platform.engine.support.hierarchical.HierarchicalTestExecutor.execute(HierarchicalTestExecutor.java:57)
	at org.junit.platform.engine.support.hierarchical.HierarchicalTestEngine.execute(HierarchicalTestEngine.java:51)
	at org.junit.platform.launcher.core.DefaultLauncher.execute(DefaultLauncher.java:248)
	at org.junit.platform.launcher.core.DefaultLauncher.lambda$execute$5(DefaultLauncher.java:211)
	at org.junit.platform.launcher.core.DefaultLauncher.withInterceptedStreams(DefaultLauncher.java:226)
	at org.junit.platform.launcher.core.DefaultLauncher.execute(DefaultLauncher.java:199)
	at org.junit.platform.launcher.core.DefaultLauncher.execute(DefaultLauncher.java:132)
	at org.gradle.api.internal.tasks.testing.junitplatform.JUnitPlatformTestClassProcessor$CollectAllTestClassesExecutor.processAllTestClasses(JUnitPlatformTestClassProcessor.java:99)
	at org.gradle.api.internal.tasks.testing.junitplatform.JUnitPlatformTestClassProcessor$CollectAllTestClassesExecutor.access$000(JUnitPlatformTestClassProcessor.java:79)
	at org.gradle.api.internal.tasks.testing.junitplatform.JUnitPlatformTestClassProcessor.stop(JUnitPlatformTestClassProcessor.java:75)
	at org.gradle.api.internal.tasks.testing.SuiteTestClassProcessor.stop(SuiteTestClassProcessor.java:61)
	at java.base/jdk.internal.reflect.NativeMethodAccessorImpl.invoke0(Native Method)
	at java.base/jdk.internal.reflect.NativeMethodAccessorImpl.invoke(NativeMethodAccessorImpl.java:64)
	at java.base/jdk.internal.reflect.DelegatingMethodAccessorImpl.invoke(DelegatingMethodAccessorImpl.java:43)
	at java.base/java.lang.reflect.Method.invoke(Method.java:564)
	at org.gradle.internal.dispatch.ReflectionDispatch.dispatch(ReflectionDispatch.java:36)
	at org.gradle.internal.dispatch.ReflectionDispatch.dispatch(ReflectionDispatch.java:24)
	at org.gradle.internal.dispatch.ContextClassLoaderDispatch.dispatch(ContextClassLoaderDispatch.java:33)
	at org.gradle.internal.dispatch.ProxyDispatchAdapter$DispatchingInvocationHandler.invoke(ProxyDispatchAdapter.java:94)
	at com.sun.proxy.$Proxy2.stop(Unknown Source)
	at org.gradle.api.internal.tasks.testing.worker.TestWorker.stop(TestWorker.java:133)
	at java.base/jdk.internal.reflect.NativeMethodAccessorImpl.invoke0(Native Method)
	at java.base/jdk.internal.reflect.NativeMethodAccessorImpl.invoke(NativeMethodAccessorImpl.java:64)
	at java.base/jdk.internal.reflect.DelegatingMethodAccessorImpl.invoke(DelegatingMethodAccessorImpl.java:43)
	at java.base/java.lang.reflect.Method.invoke(Method.java:564)
	at org.gradle.internal.dispatch.ReflectionDispatch.dispatch(ReflectionDispatch.java:36)
	at org.gradle.internal.dispatch.ReflectionDispatch.dispatch(ReflectionDispatch.java:24)
	at org.gradle.internal.remote.internal.hub.MessageHubBackedObjectConnection$DispatchWrapper.dispatch(MessageHubBackedObjectConnection.java:182)
	at org.gradle.internal.remote.internal.hub.MessageHubBackedObjectConnection$DispatchWrapper.dispatch(MessageHubBackedObjectConnection.java:164)
	at org.gradle.internal.remote.internal.hub.MessageHub$Handler.run(MessageHub.java:414)
	at org.gradle.internal.concurrent.ExecutorPolicy$CatchAndRecordFailures.onExecute(ExecutorPolicy.java:64)
	at org.gradle.internal.concurrent.ManagedExecutorImpl$1.run(ManagedExecutorImpl.java:48)
	at java.base/java.util.concurrent.ThreadPoolExecutor.runWorker(ThreadPoolExecutor.java:1130)
	at java.base/java.util.concurrent.ThreadPoolExecutor$Worker.run(ThreadPoolExecutor.java:630)
	at org.gradle.internal.concurrent.ThreadFactoryImpl$ManagedThreadRunnable.run(ThreadFactoryImpl.java:56)
	at java.base/java.lang.Thread.run(Thread.java:832)
	Suppressed: java.nio.file.DirectoryNotEmptyException: C:\Users\dylan\AppData\Local\Temp\junit5032383533641492463
		at java.base/sun.nio.fs.WindowsFileSystemProvider.implDelete(WindowsFileSystemProvider.java:271)
		at java.base/sun.nio.fs.AbstractFileSystemProvider.delete(AbstractFileSystemProvider.java:105)
		at java.base/java.nio.file.Files.delete(Files.java:1146)
		at org.junit.jupiter.engine.extension.TempDirectory$CloseablePath$1.deleteAndContinue(TempDirectory.java:206)
		at org.junit.jupiter.engine.extension.TempDirectory$CloseablePath$1.postVisitDirectory(TempDirectory.java:201)
		at org.junit.jupiter.engine.extension.TempDirectory$CloseablePath$1.postVisitDirectory(TempDirectory.java:192)
		at java.base/java.nio.file.Files.walkFileTree(Files.java:2822)
		at java.base/java.nio.file.Files.walkFileTree(Files.java:2876)
		at org.junit.jupiter.engine.extension.TempDirectory$CloseablePath.deleteAllFilesAndDirectories(TempDirectory.java:192)
		at org.junit.jupiter.engine.extension.TempDirectory$CloseablePath.close(TempDirectory.java:180)
		... 69 more
	Suppressed: java.nio.file.DirectoryNotEmptyException: C:\Users\dylan\AppData\Local\Temp\junit5032383533641492463\build
		at java.base/sun.nio.fs.WindowsFileSystemProvider.implDelete(WindowsFileSystemProvider.java:271)
		at java.base/sun.nio.fs.AbstractFileSystemProvider.delete(AbstractFileSystemProvider.java:105)
		at java.base/java.nio.file.Files.delete(Files.java:1146)
		at org.junit.jupiter.engine.extension.TempDirectory$CloseablePath$1.deleteAndContinue(TempDirectory.java:206)
		at org.junit.jupiter.engine.extension.TempDirectory$CloseablePath$1.postVisitDirectory(TempDirectory.java:201)
		at org.junit.jupiter.engine.extension.TempDirectory$CloseablePath$1.postVisitDirectory(TempDirectory.java:192)
		at java.base/java.nio.file.Files.walkFileTree(Files.java:2822)
		at java.base/java.nio.file.Files.walkFileTree(Files.java:2876)
		at org.junit.jupiter.engine.extension.TempDirectory$CloseablePath.deleteAllFilesAndDirectories(TempDirectory.java:192)
		at org.junit.jupiter.engine.extension.TempDirectory$CloseablePath.close(TempDirectory.java:180)
		... 69 more
	Suppressed: java.nio.file.FileSystemException: C:\Users\dylan\AppData\Local\Temp\junit5032383533641492463\build\ElectricEye.yml: The process cannot access the file because it is being used by another process
		at java.base/sun.nio.fs.WindowsException.translateToIOException(WindowsException.java:92)
		at java.base/sun.nio.fs.WindowsException.rethrowAsIOException(WindowsException.java:103)
		at java.base/sun.nio.fs.WindowsException.rethrowAsIOException(WindowsException.java:108)
		at java.base/sun.nio.fs.WindowsFileSystemProvider.implDelete(WindowsFileSystemProvider.java:274)
		at java.base/sun.nio.fs.AbstractFileSystemProvider.delete(AbstractFileSystemProvider.java:105)
		at java.base/java.nio.file.Files.delete(Files.java:1146)
		at org.junit.jupiter.engine.extension.TempDirectory$CloseablePath$1.deleteAndContinue(TempDirectory.java:206)
		at org.junit.jupiter.engine.extension.TempDirectory$CloseablePath$1.visitFile(TempDirectory.java:196)
		at org.junit.jupiter.engine.extension.TempDirectory$CloseablePath$1.visitFile(TempDirectory.java:192)
		at java.base/java.nio.file.Files.walkFileTree(Files.java:2804)
		at java.base/java.nio.file.Files.walkFileTree(Files.java:2876)
		at org.junit.jupiter.engine.extension.TempDirectory$CloseablePath.deleteAllFilesAndDirectories(TempDirectory.java:192)
		at org.junit.jupiter.engine.extension.TempDirectory$CloseablePath.close(TempDirectory.java:180)
		... 69 more
		Suppressed: java.nio.file.FileSystemException: C:\Users\dylan\AppData\Local\Temp\junit5032383533641492463\build\ElectricEye.yml: The process cannot access the file because it is being used by another process
			at java.base/sun.nio.fs.WindowsException.translateToIOException(WindowsException.java:92)
			at java.base/sun.nio.fs.WindowsException.rethrowAsIOException(WindowsException.java:103)
			at java.base/sun.nio.fs.WindowsException.rethrowAsIOException(WindowsException.java:108)
			at java.base/sun.nio.fs.WindowsFileSystemProvider.implDelete(WindowsFileSystemProvider.java:274)
			at java.base/sun.nio.fs.AbstractFileSystemProvider.delete(AbstractFileSystemProvider.java:105)
			at java.base/java.nio.file.Files.delete(Files.java:1146)
			at org.junit.jupiter.engine.extension.TempDirectory$CloseablePath$1.makeWritableAndTryToDeleteAgain(TempDirectory.java:224)
			at org.junit.jupiter.engine.extension.TempDirectory$CloseablePath$1.deleteAndContinue(TempDirectory.java:215)
			... 75 more
	Suppressed: java.nio.file.DirectoryNotEmptyException: C:\Users\dylan\AppData\Local\Temp\junit5032383533641492463\build\test-results
		at java.base/sun.nio.fs.WindowsFileSystemProvider.implDelete(WindowsFileSystemProvider.java:271)
		at java.base/sun.nio.fs.AbstractFileSystemProvider.delete(AbstractFileSystemProvider.java:105)
		at java.base/java.nio.file.Files.delete(Files.java:1146)
		at org.junit.jupiter.engine.extension.TempDirectory$CloseablePath$1.deleteAndContinue(TempDirectory.java:206)
		at org.junit.jupiter.engine.extension.TempDirectory$CloseablePath$1.postVisitDirectory(TempDirectory.java:201)
		at org.junit.jupiter.engine.extension.TempDirectory$CloseablePath$1.postVisitDirectory(TempDirectory.java:192)
		at java.base/java.nio.file.Files.walkFileTree(Files.java:2822)
		at java.base/java.nio.file.Files.walkFileTree(Files.java:2876)
		at org.junit.jupiter.engine.extension.TempDirectory$CloseablePath.deleteAllFilesAndDirectories(TempDirectory.java:192)
		at org.junit.jupiter.engine.extension.TempDirectory$CloseablePath.close(TempDirectory.java:180)
		... 69 more
	Suppressed: java.nio.file.FileSystemException: C:\Users\dylan\AppData\Local\Temp\junit5032383533641492463\build\test-results\file1.xml: The process cannot access the file because it is being used by another process
		at java.base/sun.nio.fs.WindowsException.translateToIOException(WindowsException.java:92)
		at java.base/sun.nio.fs.WindowsException.rethrowAsIOException(WindowsException.java:103)
		at java.base/sun.nio.fs.WindowsException.rethrowAsIOException(WindowsException.java:108)
		at java.base/sun.nio.fs.WindowsFileSystemProvider.implDelete(WindowsFileSystemProvider.java:274)
		at java.base/sun.nio.fs.AbstractFileSystemProvider.delete(AbstractFileSystemProvider.java:105)
		at java.base/java.nio.file.Files.delete(Files.java:1146)
		at org.junit.jupiter.engine.extension.TempDirectory$CloseablePath$1.deleteAndContinue(TempDirectory.java:206)
		at org.junit.jupiter.engine.extension.TempDirectory$CloseablePath$1.visitFile(TempDirectory.java:196)
		at org.junit.jupiter.engine.extension.TempDirectory$CloseablePath$1.visitFile(TempDirectory.java:192)
		at java.base/java.nio.file.Files.walkFileTree(Files.java:2804)
		at java.base/java.nio.file.Files.walkFileTree(Files.java:2876)
		at org.junit.jupiter.engine.extension.TempDirectory$CloseablePath.deleteAllFilesAndDirectories(TempDirectory.java:192)
		at org.junit.jupiter.engine.extension.TempDirectory$CloseablePath.close(TempDirectory.java:180)
		... 69 more
		Suppressed: java.nio.file.FileSystemException: C:\Users\dylan\AppData\Local\Temp\junit5032383533641492463\build\test-results\file1.xml: The process cannot access the file because it is being used by another process
			at java.base/sun.nio.fs.WindowsException.translateToIOException(WindowsException.java:92)
			at java.base/sun.nio.fs.WindowsException.rethrowAsIOException(WindowsException.java:103)
			at java.base/sun.nio.fs.WindowsException.rethrowAsIOException(WindowsException.java:108)
			at java.base/sun.nio.fs.WindowsFileSystemProvider.implDelete(WindowsFileSystemProvider.java:274)
			at java.base/sun.nio.fs.AbstractFileSystemProvider.delete(AbstractFileSystemProvider.java:105)
			at java.base/java.nio.file.Files.delete(Files.java:1146)
			at org.junit.jupiter.engine.extension.TempDirectory$CloseablePath$1.makeWritableAndTryToDeleteAgain(TempDirectory.java:224)
			at org.junit.jupiter.engine.extension.TempDirectory$CloseablePath$1.deleteAndContinue(TempDirectory.java:215)
			... 75 more
	Suppressed: java.nio.file.FileSystemException: C:\Users\dylan\AppData\Local\Temp\junit5032383533641492463\build\test-results\file2.xml: The process cannot access the file because it is being used by another process
		at java.base/sun.nio.fs.WindowsException.translateToIOException(WindowsException.java:92)
		at java.base/sun.nio.fs.WindowsException.rethrowAsIOException(WindowsException.java:103)
		at java.base/sun.nio.fs.WindowsException.rethrowAsIOException(WindowsException.java:108)
		at java.base/sun.nio.fs.WindowsFileSystemProvider.implDelete(WindowsFileSystemProvider.java:274)
		at java.base/sun.nio.fs.AbstractFileSystemProvider.delete(AbstractFileSystemProvider.java:105)
		at java.base/java.nio.file.Files.delete(Files.java:1146)
		at org.junit.jupiter.engine.extension.TempDirectory$CloseablePath$1.deleteAndContinue(TempDirectory.java:206)
		at org.junit.jupiter.engine.extension.TempDirectory$CloseablePath$1.visitFile(TempDirectory.java:196)
		at org.junit.jupiter.engine.extension.TempDirectory$CloseablePath$1.visitFile(TempDirectory.java:192)
		at java.base/java.nio.file.Files.walkFileTree(Files.java:2804)
		at java.base/java.nio.file.Files.walkFileTree(Files.java:2876)
		at org.junit.jupiter.engine.extension.TempDirectory$CloseablePath.deleteAllFilesAndDirectories(TempDirectory.java:192)
		at org.junit.jupiter.engine.extension.TempDirectory$CloseablePath.close(TempDirectory.java:180)
		... 69 more
		Suppressed: java.nio.file.FileSystemException: C:\Users\dylan\AppData\Local\Temp\junit5032383533641492463\build\test-results\file2.xml: The process cannot access the file because it is being used by another process
			at java.base/sun.nio.fs.WindowsException.translateToIOException(WindowsException.java:92)
			at java.base/sun.nio.fs.WindowsException.rethrowAsIOException(WindowsException.java:103)
			at java.base/sun.nio.fs.WindowsException.rethrowAsIOException(WindowsException.java:108)
			at java.base/sun.nio.fs.WindowsFileSystemProvider.implDelete(WindowsFileSystemProvider.java:274)
			at java.base/sun.nio.fs.AbstractFileSystemProvider.delete(AbstractFileSystemProvider.java:105)
			at java.base/java.nio.file.Files.delete(Files.java:1146)
			at org.junit.jupiter.engine.extension.TempDirectory$CloseablePath$1.makeWritableAndTryToDeleteAgain(TempDirectory.java:224)
			at org.junit.jupiter.engine.extension.TempDirectory$CloseablePath$1.deleteAndContinue(TempDirectory.java:215)
			... 75 more
	Suppressed: java.nio.file.FileSystemException: C:\Users\dylan\AppData\Local\Temp\junit5032383533641492463\build\test-results\file3.xml: The process cannot access the file because it is being used by another process
		at java.base/sun.nio.fs.WindowsException.translateToIOException(WindowsException.java:92)
		at java.base/sun.nio.fs.WindowsException.rethrowAsIOException(WindowsException.java:103)
		at java.base/sun.nio.fs.WindowsException.rethrowAsIOException(WindowsException.java:108)
		at java.base/sun.nio.fs.WindowsFileSystemProvider.implDelete(WindowsFileSystemProvider.java:274)
		at java.base/sun.nio.fs.AbstractFileSystemProvider.delete(AbstractFileSystemProvider.java:105)
		at java.base/java.nio.file.Files.delete(Files.java:1146)
		at org.junit.jupiter.engine.extension.TempDirectory$CloseablePath$1.deleteAndContinue(TempDirectory.java:206)
		at org.junit.jupiter.engine.extension.TempDirectory$CloseablePath$1.visitFile(TempDirectory.java:196)
		at org.junit.jupiter.engine.extension.TempDirectory$CloseablePath$1.visitFile(TempDirectory.java:192)
		at java.base/java.nio.file.Files.walkFileTree(Files.java:2804)
		at java.base/java.nio.file.Files.walkFileTree(Files.java:2876)
		at org.junit.jupiter.engine.extension.TempDirectory$CloseablePath.deleteAllFilesAndDirectories(TempDirectory.java:192)
		at org.junit.jupiter.engine.extension.TempDirectory$CloseablePath.close(TempDirectory.java:180)
		... 69 more
		Suppressed: java.nio.file.FileSystemException: C:\Users\dylan\AppData\Local\Temp\junit5032383533641492463\build\test-results\file3.xml: The process cannot access the file because it is being used by another process
			at java.base/sun.nio.fs.WindowsException.translateToIOException(WindowsException.java:92)
			at java.base/sun.nio.fs.WindowsException.rethrowAsIOException(WindowsException.java:103)
			at java.base/sun.nio.fs.WindowsException.rethrowAsIOException(WindowsException.java:108)
			at java.base/sun.nio.fs.WindowsFileSystemProvider.implDelete(WindowsFileSystemProvider.java:274)
			at java.base/sun.nio.fs.AbstractFileSystemProvider.delete(AbstractFileSystemProvider.java:105)
			at java.base/java.nio.file.Files.delete(Files.java:1146)
			at org.junit.jupiter.engine.extension.TempDirectory$CloseablePath$1.makeWritableAndTryToDeleteAgain(TempDirectory.java:224)
			at org.junit.jupiter.engine.extension.TempDirectory$CloseablePath$1.deleteAndContinue(TempDirectory.java:215)
			... 75 more

]]></system-err>
</testsuite>
